[2020-04-20 16:35:48.266][INFO ] ContextLoader.initWebApplicationContext(ContextLoader.java:271) Root WebApplicationContext: initialization started
[2020-04-20 16:35:48.317][INFO ] KotlinDetector.<clinit>(KotlinDetector.java:57) Kotlin reflection implementation not found at runtime, related features won't be available.
[2020-04-20 16:35:48.365][DEBUG] AbstractApplicationContext.prepareRefresh(AbstractApplicationContext.java:595) Refreshing Root WebApplicationContext
[2020-04-20 16:35:48.547][DEBUG] XmlBeanDefinitionReader.doLoadBeanDefinitions(XmlBeanDefinitionReader.java:396) Loaded 0 bean definitions from ServletContext resource [/WEB-INF/spring/root-context.xml]
[2020-04-20 16:35:48.612][DEBUG] UiApplicationContextUtils.initThemeSource(UiApplicationContextUtils.java:85) Unable to locate ThemeSource with name 'themeSource': using default [org.springframework.ui.context.support.ResourceBundleThemeSource@a87890e]
[2020-04-20 16:35:48.625][DEBUG] PropertySourcesPropertyResolver.logKeyFound(PropertySourcesPropertyResolver.java:115) Found key 'spring.liveBeansView.mbeanDomain' in PropertySource 'servletContextInitParams' with value of type String
[2020-04-20 16:35:48.659][INFO ] ContextLoader.initWebApplicationContext(ContextLoader.java:307) Root WebApplicationContext initialized in 390 ms
[2020-04-20 16:35:48.722][DEBUG] GenericFilterBean.init(GenericFilterBean.java:242) Filter 'encodingFilterUTF8' configured for use
[2020-04-20 16:35:48.747][INFO ] FrameworkServlet.initServletBean(FrameworkServlet.java:525) Initializing Servlet 'appServlet'
[2020-04-20 16:35:48.748][DEBUG] PropertySourcesPropertyResolver.logKeyFound(PropertySourcesPropertyResolver.java:115) Found key 'spring.profiles.active' in PropertySource 'servletContextInitParams' with value of type String
[2020-04-20 16:35:48.748][DEBUG] AbstractEnvironment.setActiveProfiles(AbstractEnvironment.java:252) Activating profiles [dev]
[2020-04-20 16:35:48.748][DEBUG] PropertySourcesPropertyResolver.logKeyFound(PropertySourcesPropertyResolver.java:115) Found key 'spring.profiles.default' in PropertySource 'servletContextInitParams' with value of type String
[2020-04-20 16:35:48.753][DEBUG] AbstractApplicationContext.prepareRefresh(AbstractApplicationContext.java:595) Refreshing WebApplicationContext for namespace 'appServlet-servlet'
[2020-04-20 16:35:48.920][DEBUG] XmlBeanDefinitionReader.doLoadBeanDefinitions(XmlBeanDefinitionReader.java:396) Loaded 21 bean definitions from ServletContext resource [/WEB-INF/spring/appServlet/servlet-context.xml]
[2020-04-20 16:35:48.961][DEBUG] UiApplicationContextUtils.initThemeSource(UiApplicationContextUtils.java:85) Unable to locate ThemeSource with name 'themeSource': using default [org.springframework.ui.context.support.DelegatingThemeSource@74af500b]
[2020-04-20 16:35:48.965][DEBUG] DefaultSingletonBeanRegistry.getSingleton(DefaultSingletonBeanRegistry.java:213) Creating shared instance of singleton bean 'mvcContentNegotiationManager'
[2020-04-20 16:35:49.022][DEBUG] DefaultSingletonBeanRegistry.getSingleton(DefaultSingletonBeanRegistry.java:213) Creating shared instance of singleton bean 'org.springframework.web.servlet.mvc.method.annotation.RequestMappingHandlerMapping'
[2020-04-20 16:35:49.097][DEBUG] DefaultSingletonBeanRegistry.getSingleton(DefaultSingletonBeanRegistry.java:213) Creating shared instance of singleton bean 'mvcCorsConfigurations'
[2020-04-20 16:35:49.099][DEBUG] DefaultSingletonBeanRegistry.getSingleton(DefaultSingletonBeanRegistry.java:213) Creating shared instance of singleton bean 'org.springframework.web.servlet.handler.MappedInterceptor#0'
[2020-04-20 16:35:49.105][DEBUG] DefaultSingletonBeanRegistry.getSingleton(DefaultSingletonBeanRegistry.java:213) Creating shared instance of singleton bean 'org.springframework.format.support.FormattingConversionServiceFactoryBean#0'
[2020-04-20 16:35:49.238][DEBUG] DefaultSingletonBeanRegistry.getSingleton(DefaultSingletonBeanRegistry.java:213) Creating shared instance of singleton bean 'org.springframework.web.servlet.handler.MappedInterceptor#1'
[2020-04-20 16:35:49.248][DEBUG] DefaultSingletonBeanRegistry.getSingleton(DefaultSingletonBeanRegistry.java:213) Creating shared instance of singleton bean 'org.springframework.web.servlet.mvc.method.annotation.RequestMappingHandlerAdapter'
[2020-04-20 16:35:49.403][DEBUG] RequestMappingHandlerAdapter.initControllerAdviceCache(RequestMappingHandlerAdapter.java:612) ControllerAdvice beans: none
[2020-04-20 16:35:49.463][DEBUG] DefaultSingletonBeanRegistry.getSingleton(DefaultSingletonBeanRegistry.java:213) Creating shared instance of singleton bean 'mvcUriComponentsContributor'
[2020-04-20 16:35:49.466][DEBUG] RequestMappingHandlerAdapter.initControllerAdviceCache(RequestMappingHandlerAdapter.java:612) ControllerAdvice beans: none
[2020-04-20 16:35:49.471][DEBUG] DefaultSingletonBeanRegistry.getSingleton(DefaultSingletonBeanRegistry.java:213) Creating shared instance of singleton bean 'org.springframework.web.servlet.mvc.method.annotation.ExceptionHandlerExceptionResolver#0'
[2020-04-20 16:35:49.484][DEBUG] ExceptionHandlerExceptionResolver.initExceptionHandlerAdviceCache(ExceptionHandlerExceptionResolver.java:294) ControllerAdvice beans: none
[2020-04-20 16:35:49.485][DEBUG] DefaultSingletonBeanRegistry.getSingleton(DefaultSingletonBeanRegistry.java:213) Creating shared instance of singleton bean 'org.springframework.web.servlet.mvc.annotation.ResponseStatusExceptionResolver#0'
[2020-04-20 16:35:49.490][DEBUG] DefaultSingletonBeanRegistry.getSingleton(DefaultSingletonBeanRegistry.java:213) Creating shared instance of singleton bean 'org.springframework.web.servlet.mvc.support.DefaultHandlerExceptionResolver#0'
[2020-04-20 16:35:49.493][DEBUG] DefaultSingletonBeanRegistry.getSingleton(DefaultSingletonBeanRegistry.java:213) Creating shared instance of singleton bean 'org.springframework.web.servlet.handler.BeanNameUrlHandlerMapping'
[2020-04-20 16:35:49.502][DEBUG] DefaultSingletonBeanRegistry.getSingleton(DefaultSingletonBeanRegistry.java:213) Creating shared instance of singleton bean 'org.springframework.web.servlet.mvc.HttpRequestHandlerAdapter'
[2020-04-20 16:35:49.502][DEBUG] DefaultSingletonBeanRegistry.getSingleton(DefaultSingletonBeanRegistry.java:213) Creating shared instance of singleton bean 'org.springframework.web.servlet.mvc.SimpleControllerHandlerAdapter'
[2020-04-20 16:35:49.503][DEBUG] DefaultSingletonBeanRegistry.getSingleton(DefaultSingletonBeanRegistry.java:213) Creating shared instance of singleton bean 'mvcResourceUrlProvider'
[2020-04-20 16:35:49.503][DEBUG] DefaultSingletonBeanRegistry.getSingleton(DefaultSingletonBeanRegistry.java:213) Creating shared instance of singleton bean 'mvcPathMatcher'
[2020-04-20 16:35:49.503][DEBUG] DefaultSingletonBeanRegistry.getSingleton(DefaultSingletonBeanRegistry.java:213) Creating shared instance of singleton bean 'mvcUrlPathHelper'
[2020-04-20 16:35:49.504][DEBUG] DefaultSingletonBeanRegistry.getSingleton(DefaultSingletonBeanRegistry.java:213) Creating shared instance of singleton bean 'org.springframework.web.servlet.resource.ResourceHttpRequestHandler#0'
[2020-04-20 16:35:49.519][DEBUG] DefaultSingletonBeanRegistry.getSingleton(DefaultSingletonBeanRegistry.java:213) Creating shared instance of singleton bean 'org.springframework.web.servlet.handler.SimpleUrlHandlerMapping#0'
[2020-04-20 16:35:49.526][DEBUG] SimpleUrlHandlerMapping.registerHandlers(SimpleUrlHandlerMapping.java:173) Patterns [/assets/**] in 'org.springframework.web.servlet.handler.SimpleUrlHandlerMapping#0'
[2020-04-20 16:35:49.527][DEBUG] DefaultSingletonBeanRegistry.getSingleton(DefaultSingletonBeanRegistry.java:213) Creating shared instance of singleton bean 'org.springframework.web.servlet.view.InternalResourceViewResolver#0'
[2020-04-20 16:35:49.555][DEBUG] PropertySourcesPropertyResolver.logKeyFound(PropertySourcesPropertyResolver.java:115) Found key 'spring.liveBeansView.mbeanDomain' in PropertySource 'servletContextInitParams' with value of type String
[2020-04-20 16:35:49.555][DEBUG] FrameworkServlet.initServletBean(FrameworkServlet.java:542) enableLoggingRequestDetails='false': request parameters and headers will be masked to prevent unsafe logging of potentially sensitive data
[2020-04-20 16:35:49.555][INFO ] FrameworkServlet.initServletBean(FrameworkServlet.java:547) Completed initialization in 807 ms
[2020-04-20 16:35:51.348][DEBUG] LogFormatUtils.traceDebug(LogFormatUtils.java:91) GET "/project/", parameters={}
[2020-04-20 16:35:51.360][WARN ] DispatcherServlet.noHandlerFound(DispatcherServlet.java:1251) No mapping for GET /project/
[2020-04-20 16:35:51.362][DEBUG] FrameworkServlet.logResult(FrameworkServlet.java:1131) Completed 404 NOT_FOUND
[2020-04-20 16:38:25.375][DEBUG] AbstractApplicationContext.doClose(AbstractApplicationContext.java:1005) Closing WebApplicationContext for namespace 'appServlet-servlet', started on Mon Apr 20 16:35:48 KST 2020, parent: Root WebApplicationContext
[2020-04-20 16:38:25.378][DEBUG] AbstractApplicationContext.doClose(AbstractApplicationContext.java:1005) Closing Root WebApplicationContext, started on Mon Apr 20 16:35:48 KST 2020
[2020-04-20 16:38:25.378][DEBUG] PropertySourcesPropertyResolver.logKeyFound(PropertySourcesPropertyResolver.java:115) Found key 'spring.liveBeansView.mbeanDomain' in PropertySource 'servletContextInitParams' with value of type String
[2020-04-20 16:38:29.045][INFO ] ContextLoader.initWebApplicationContext(ContextLoader.java:271) Root WebApplicationContext: initialization started
[2020-04-20 16:38:29.091][INFO ] KotlinDetector.<clinit>(KotlinDetector.java:57) Kotlin reflection implementation not found at runtime, related features won't be available.
[2020-04-20 16:38:29.140][DEBUG] AbstractApplicationContext.prepareRefresh(AbstractApplicationContext.java:595) Refreshing Root WebApplicationContext
[2020-04-20 16:38:29.308][DEBUG] XmlBeanDefinitionReader.doLoadBeanDefinitions(XmlBeanDefinitionReader.java:396) Loaded 0 bean definitions from ServletContext resource [/WEB-INF/spring/root-context.xml]
[2020-04-20 16:38:29.360][DEBUG] UiApplicationContextUtils.initThemeSource(UiApplicationContextUtils.java:85) Unable to locate ThemeSource with name 'themeSource': using default [org.springframework.ui.context.support.ResourceBundleThemeSource@59914db4]
[2020-04-20 16:38:29.369][DEBUG] PropertySourcesPropertyResolver.logKeyFound(PropertySourcesPropertyResolver.java:115) Found key 'spring.liveBeansView.mbeanDomain' in PropertySource 'servletContextInitParams' with value of type String
[2020-04-20 16:38:29.399][INFO ] ContextLoader.initWebApplicationContext(ContextLoader.java:307) Root WebApplicationContext initialized in 351 ms
[2020-04-20 16:38:29.468][DEBUG] GenericFilterBean.init(GenericFilterBean.java:242) Filter 'encodingFilterUTF8' configured for use
[2020-04-20 16:38:29.496][INFO ] FrameworkServlet.initServletBean(FrameworkServlet.java:525) Initializing Servlet 'appServlet'
[2020-04-20 16:38:29.497][DEBUG] PropertySourcesPropertyResolver.logKeyFound(PropertySourcesPropertyResolver.java:115) Found key 'spring.profiles.active' in PropertySource 'servletContextInitParams' with value of type String
[2020-04-20 16:38:29.498][DEBUG] AbstractEnvironment.setActiveProfiles(AbstractEnvironment.java:252) Activating profiles [dev]
[2020-04-20 16:38:29.498][DEBUG] PropertySourcesPropertyResolver.logKeyFound(PropertySourcesPropertyResolver.java:115) Found key 'spring.profiles.default' in PropertySource 'servletContextInitParams' with value of type String
[2020-04-20 16:38:29.502][DEBUG] AbstractApplicationContext.prepareRefresh(AbstractApplicationContext.java:595) Refreshing WebApplicationContext for namespace 'appServlet-servlet'
[2020-04-20 16:38:29.763][DEBUG] ClassPathScanningCandidateComponentProvider.scanCandidateComponents(ClassPathScanningCandidateComponentProvider.java:437) Identified candidate component class: file [D:\PHS\JAVA\project\workspace\.metadata\.plugins\org.eclipse.wst.server.core\tmp0\wtpwebapps\JAVA20_5\WEB-INF\classes\study\spring\project\controllers\HomeController.class]
[2020-04-20 16:38:29.799][DEBUG] XmlBeanDefinitionReader.doLoadBeanDefinitions(XmlBeanDefinitionReader.java:396) Loaded 27 bean definitions from ServletContext resource [/WEB-INF/spring/appServlet/servlet-context.xml]
[2020-04-20 16:38:29.831][DEBUG] DefaultSingletonBeanRegistry.getSingleton(DefaultSingletonBeanRegistry.java:213) Creating shared instance of singleton bean 'org.springframework.context.annotation.internalConfigurationAnnotationProcessor'
[2020-04-20 16:38:29.941][DEBUG] DefaultSingletonBeanRegistry.getSingleton(DefaultSingletonBeanRegistry.java:213) Creating shared instance of singleton bean 'org.springframework.context.event.internalEventListenerProcessor'
[2020-04-20 16:38:29.944][DEBUG] DefaultSingletonBeanRegistry.getSingleton(DefaultSingletonBeanRegistry.java:213) Creating shared instance of singleton bean 'org.springframework.context.event.internalEventListenerFactory'
[2020-04-20 16:38:29.946][DEBUG] DefaultSingletonBeanRegistry.getSingleton(DefaultSingletonBeanRegistry.java:213) Creating shared instance of singleton bean 'org.springframework.context.annotation.internalAutowiredAnnotationProcessor'
[2020-04-20 16:38:29.949][DEBUG] DefaultSingletonBeanRegistry.getSingleton(DefaultSingletonBeanRegistry.java:213) Creating shared instance of singleton bean 'org.springframework.context.annotation.internalCommonAnnotationProcessor'
[2020-04-20 16:38:29.954][DEBUG] UiApplicationContextUtils.initThemeSource(UiApplicationContextUtils.java:85) Unable to locate ThemeSource with name 'themeSource': using default [org.springframework.ui.context.support.DelegatingThemeSource@69e4bca9]
[2020-04-20 16:38:29.956][DEBUG] DefaultSingletonBeanRegistry.getSingleton(DefaultSingletonBeanRegistry.java:213) Creating shared instance of singleton bean 'mvcContentNegotiationManager'
[2020-04-20 16:38:29.984][DEBUG] DefaultSingletonBeanRegistry.getSingleton(DefaultSingletonBeanRegistry.java:213) Creating shared instance of singleton bean 'org.springframework.web.servlet.mvc.method.annotation.RequestMappingHandlerMapping'
[2020-04-20 16:38:30.024][DEBUG] DefaultSingletonBeanRegistry.getSingleton(DefaultSingletonBeanRegistry.java:213) Creating shared instance of singleton bean 'mvcCorsConfigurations'
[2020-04-20 16:38:30.025][DEBUG] DefaultSingletonBeanRegistry.getSingleton(DefaultSingletonBeanRegistry.java:213) Creating shared instance of singleton bean 'org.springframework.web.servlet.handler.MappedInterceptor#0'
[2020-04-20 16:38:30.029][DEBUG] DefaultSingletonBeanRegistry.getSingleton(DefaultSingletonBeanRegistry.java:213) Creating shared instance of singleton bean 'org.springframework.format.support.FormattingConversionServiceFactoryBean#0'
[2020-04-20 16:38:30.146][DEBUG] DefaultSingletonBeanRegistry.getSingleton(DefaultSingletonBeanRegistry.java:213) Creating shared instance of singleton bean 'org.springframework.web.servlet.handler.MappedInterceptor#1'
[2020-04-20 16:38:30.179][DEBUG] AbstractHandlerMethodMapping.handlerMethodsInitialized(AbstractHandlerMethodMapping.java:351) 1 mappings in 'org.springframework.web.servlet.mvc.method.annotation.RequestMappingHandlerMapping'
[2020-04-20 16:38:30.180][DEBUG] DefaultSingletonBeanRegistry.getSingleton(DefaultSingletonBeanRegistry.java:213) Creating shared instance of singleton bean 'org.springframework.web.servlet.mvc.method.annotation.RequestMappingHandlerAdapter'
[2020-04-20 16:38:30.322][DEBUG] RequestMappingHandlerAdapter.initControllerAdviceCache(RequestMappingHandlerAdapter.java:612) ControllerAdvice beans: none
[2020-04-20 16:38:30.371][DEBUG] DefaultSingletonBeanRegistry.getSingleton(DefaultSingletonBeanRegistry.java:213) Creating shared instance of singleton bean 'mvcUriComponentsContributor'
[2020-04-20 16:38:30.382][DEBUG] RequestMappingHandlerAdapter.initControllerAdviceCache(RequestMappingHandlerAdapter.java:612) ControllerAdvice beans: none
[2020-04-20 16:38:30.386][DEBUG] DefaultSingletonBeanRegistry.getSingleton(DefaultSingletonBeanRegistry.java:213) Creating shared instance of singleton bean 'org.springframework.web.servlet.mvc.method.annotation.ExceptionHandlerExceptionResolver#0'
[2020-04-20 16:38:30.400][DEBUG] ExceptionHandlerExceptionResolver.initExceptionHandlerAdviceCache(ExceptionHandlerExceptionResolver.java:294) ControllerAdvice beans: none
[2020-04-20 16:38:30.401][DEBUG] DefaultSingletonBeanRegistry.getSingleton(DefaultSingletonBeanRegistry.java:213) Creating shared instance of singleton bean 'org.springframework.web.servlet.mvc.annotation.ResponseStatusExceptionResolver#0'
[2020-04-20 16:38:30.405][DEBUG] DefaultSingletonBeanRegistry.getSingleton(DefaultSingletonBeanRegistry.java:213) Creating shared instance of singleton bean 'org.springframework.web.servlet.mvc.support.DefaultHandlerExceptionResolver#0'
[2020-04-20 16:38:30.408][DEBUG] DefaultSingletonBeanRegistry.getSingleton(DefaultSingletonBeanRegistry.java:213) Creating shared instance of singleton bean 'org.springframework.web.servlet.handler.BeanNameUrlHandlerMapping'
[2020-04-20 16:38:30.416][DEBUG] DefaultSingletonBeanRegistry.getSingleton(DefaultSingletonBeanRegistry.java:213) Creating shared instance of singleton bean 'org.springframework.web.servlet.mvc.HttpRequestHandlerAdapter'
[2020-04-20 16:38:30.417][DEBUG] DefaultSingletonBeanRegistry.getSingleton(DefaultSingletonBeanRegistry.java:213) Creating shared instance of singleton bean 'org.springframework.web.servlet.mvc.SimpleControllerHandlerAdapter'
[2020-04-20 16:38:30.417][DEBUG] DefaultSingletonBeanRegistry.getSingleton(DefaultSingletonBeanRegistry.java:213) Creating shared instance of singleton bean 'mvcResourceUrlProvider'
[2020-04-20 16:38:30.417][DEBUG] DefaultSingletonBeanRegistry.getSingleton(DefaultSingletonBeanRegistry.java:213) Creating shared instance of singleton bean 'mvcPathMatcher'
[2020-04-20 16:38:30.418][DEBUG] DefaultSingletonBeanRegistry.getSingleton(DefaultSingletonBeanRegistry.java:213) Creating shared instance of singleton bean 'mvcUrlPathHelper'
[2020-04-20 16:38:30.418][DEBUG] DefaultSingletonBeanRegistry.getSingleton(DefaultSingletonBeanRegistry.java:213) Creating shared instance of singleton bean 'org.springframework.web.servlet.resource.ResourceHttpRequestHandler#0'
[2020-04-20 16:38:30.432][DEBUG] DefaultSingletonBeanRegistry.getSingleton(DefaultSingletonBeanRegistry.java:213) Creating shared instance of singleton bean 'org.springframework.web.servlet.handler.SimpleUrlHandlerMapping#0'
[2020-04-20 16:38:30.437][DEBUG] SimpleUrlHandlerMapping.registerHandlers(SimpleUrlHandlerMapping.java:173) Patterns [/assets/**] in 'org.springframework.web.servlet.handler.SimpleUrlHandlerMapping#0'
[2020-04-20 16:38:30.438][DEBUG] DefaultSingletonBeanRegistry.getSingleton(DefaultSingletonBeanRegistry.java:213) Creating shared instance of singleton bean 'org.springframework.web.servlet.view.InternalResourceViewResolver#0'
[2020-04-20 16:38:30.456][DEBUG] DefaultSingletonBeanRegistry.getSingleton(DefaultSingletonBeanRegistry.java:213) Creating shared instance of singleton bean 'homeController'
[2020-04-20 16:38:30.471][DEBUG] PropertySourcesPropertyResolver.logKeyFound(PropertySourcesPropertyResolver.java:115) Found key 'spring.liveBeansView.mbeanDomain' in PropertySource 'servletContextInitParams' with value of type String
[2020-04-20 16:38:30.471][DEBUG] FrameworkServlet.initServletBean(FrameworkServlet.java:542) enableLoggingRequestDetails='false': request parameters and headers will be masked to prevent unsafe logging of potentially sensitive data
[2020-04-20 16:38:30.471][INFO ] FrameworkServlet.initServletBean(FrameworkServlet.java:547) Completed initialization in 974 ms
[2020-04-20 16:38:32.172][DEBUG] LogFormatUtils.traceDebug(LogFormatUtils.java:91) GET "/project/", parameters={}
[2020-04-20 16:38:32.178][DEBUG] AbstractHandlerMapping.getHandler(AbstractHandlerMapping.java:412) Mapped to study.spring.project.controllers.HomeController#home(Locale, Model)
[2020-04-20 16:38:32.211][INFO ] HomeController.home(HomeController.java:27) Welcome home! The client locale is ko_KR.
[2020-04-20 16:38:32.223][DEBUG] AbstractView.render(AbstractView.java:310) View name 'home', model {serverTime=2020년 4월 20일 (월) 오후 4시 38분 32초}
[2020-04-20 16:38:32.229][DEBUG] InternalResourceView.renderMergedOutputModel(InternalResourceView.java:169) Forwarding to [/WEB-INF/views/home.jsp]
[2020-04-20 16:38:32.278][DEBUG] FrameworkServlet.logResult(FrameworkServlet.java:1131) Completed 200 OK
[2020-04-20 16:42:52.852][DEBUG] AbstractApplicationContext.doClose(AbstractApplicationContext.java:1005) Closing WebApplicationContext for namespace 'appServlet-servlet', started on Mon Apr 20 16:38:29 KST 2020, parent: Root WebApplicationContext
[2020-04-20 16:42:52.855][DEBUG] AbstractApplicationContext.doClose(AbstractApplicationContext.java:1005) Closing Root WebApplicationContext, started on Mon Apr 20 16:38:29 KST 2020
[2020-04-20 16:42:52.855][DEBUG] PropertySourcesPropertyResolver.logKeyFound(PropertySourcesPropertyResolver.java:115) Found key 'spring.liveBeansView.mbeanDomain' in PropertySource 'servletContextInitParams' with value of type String
[2020-04-20 16:42:56.587][INFO ] ContextLoader.initWebApplicationContext(ContextLoader.java:271) Root WebApplicationContext: initialization started
[2020-04-20 16:42:56.630][INFO ] KotlinDetector.<clinit>(KotlinDetector.java:57) Kotlin reflection implementation not found at runtime, related features won't be available.
[2020-04-20 16:42:56.673][DEBUG] AbstractApplicationContext.prepareRefresh(AbstractApplicationContext.java:595) Refreshing Root WebApplicationContext
[2020-04-20 16:42:56.797][DEBUG] XmlBeanDefinitionReader.doLoadBeanDefinitions(XmlBeanDefinitionReader.java:396) Loaded 0 bean definitions from ServletContext resource [/WEB-INF/spring/root-context.xml]
[2020-04-20 16:42:56.851][DEBUG] UiApplicationContextUtils.initThemeSource(UiApplicationContextUtils.java:85) Unable to locate ThemeSource with name 'themeSource': using default [org.springframework.ui.context.support.ResourceBundleThemeSource@59914db4]
[2020-04-20 16:42:56.857][DEBUG] PropertySourcesPropertyResolver.logKeyFound(PropertySourcesPropertyResolver.java:115) Found key 'spring.liveBeansView.mbeanDomain' in PropertySource 'servletContextInitParams' with value of type String
[2020-04-20 16:42:56.888][INFO ] ContextLoader.initWebApplicationContext(ContextLoader.java:307) Root WebApplicationContext initialized in 299 ms
[2020-04-20 16:42:56.951][DEBUG] GenericFilterBean.init(GenericFilterBean.java:242) Filter 'encodingFilterUTF8' configured for use
[2020-04-20 16:42:56.981][INFO ] FrameworkServlet.initServletBean(FrameworkServlet.java:525) Initializing Servlet 'appServlet'
[2020-04-20 16:42:56.981][DEBUG] PropertySourcesPropertyResolver.logKeyFound(PropertySourcesPropertyResolver.java:115) Found key 'spring.profiles.active' in PropertySource 'servletContextInitParams' with value of type String
[2020-04-20 16:42:56.982][DEBUG] AbstractEnvironment.setActiveProfiles(AbstractEnvironment.java:252) Activating profiles [dev]
[2020-04-20 16:42:56.982][DEBUG] PropertySourcesPropertyResolver.logKeyFound(PropertySourcesPropertyResolver.java:115) Found key 'spring.profiles.default' in PropertySource 'servletContextInitParams' with value of type String
[2020-04-20 16:42:56.987][DEBUG] AbstractApplicationContext.prepareRefresh(AbstractApplicationContext.java:595) Refreshing WebApplicationContext for namespace 'appServlet-servlet'
[2020-04-20 16:42:57.256][DEBUG] ClassPathScanningCandidateComponentProvider.scanCandidateComponents(ClassPathScanningCandidateComponentProvider.java:437) Identified candidate component class: file [D:\PHS\JAVA\project\workspace\.metadata\.plugins\org.eclipse.wst.server.core\tmp0\wtpwebapps\JAVA20_5\WEB-INF\classes\study\spring\project\controllers\HomeController.class]
[2020-04-20 16:42:57.290][DEBUG] XmlBeanDefinitionReader.doLoadBeanDefinitions(XmlBeanDefinitionReader.java:396) Loaded 27 bean definitions from ServletContext resource [/WEB-INF/spring/appServlet/servlet-context.xml]
[2020-04-20 16:42:57.323][DEBUG] DefaultSingletonBeanRegistry.getSingleton(DefaultSingletonBeanRegistry.java:213) Creating shared instance of singleton bean 'org.springframework.context.annotation.internalConfigurationAnnotationProcessor'
[2020-04-20 16:42:57.426][DEBUG] DefaultSingletonBeanRegistry.getSingleton(DefaultSingletonBeanRegistry.java:213) Creating shared instance of singleton bean 'org.springframework.context.event.internalEventListenerProcessor'
[2020-04-20 16:42:57.432][DEBUG] DefaultSingletonBeanRegistry.getSingleton(DefaultSingletonBeanRegistry.java:213) Creating shared instance of singleton bean 'org.springframework.context.event.internalEventListenerFactory'
[2020-04-20 16:42:57.434][DEBUG] DefaultSingletonBeanRegistry.getSingleton(DefaultSingletonBeanRegistry.java:213) Creating shared instance of singleton bean 'org.springframework.context.annotation.internalAutowiredAnnotationProcessor'
[2020-04-20 16:42:57.436][DEBUG] DefaultSingletonBeanRegistry.getSingleton(DefaultSingletonBeanRegistry.java:213) Creating shared instance of singleton bean 'org.springframework.context.annotation.internalCommonAnnotationProcessor'
[2020-04-20 16:42:57.441][DEBUG] UiApplicationContextUtils.initThemeSource(UiApplicationContextUtils.java:85) Unable to locate ThemeSource with name 'themeSource': using default [org.springframework.ui.context.support.DelegatingThemeSource@69e4bca9]
[2020-04-20 16:42:57.444][DEBUG] DefaultSingletonBeanRegistry.getSingleton(DefaultSingletonBeanRegistry.java:213) Creating shared instance of singleton bean 'mvcContentNegotiationManager'
[2020-04-20 16:42:57.474][DEBUG] DefaultSingletonBeanRegistry.getSingleton(DefaultSingletonBeanRegistry.java:213) Creating shared instance of singleton bean 'org.springframework.web.servlet.mvc.method.annotation.RequestMappingHandlerMapping'
[2020-04-20 16:42:57.517][DEBUG] DefaultSingletonBeanRegistry.getSingleton(DefaultSingletonBeanRegistry.java:213) Creating shared instance of singleton bean 'mvcCorsConfigurations'
[2020-04-20 16:42:57.518][DEBUG] DefaultSingletonBeanRegistry.getSingleton(DefaultSingletonBeanRegistry.java:213) Creating shared instance of singleton bean 'org.springframework.web.servlet.handler.MappedInterceptor#0'
[2020-04-20 16:42:57.522][DEBUG] DefaultSingletonBeanRegistry.getSingleton(DefaultSingletonBeanRegistry.java:213) Creating shared instance of singleton bean 'org.springframework.format.support.FormattingConversionServiceFactoryBean#0'
[2020-04-20 16:42:57.638][DEBUG] DefaultSingletonBeanRegistry.getSingleton(DefaultSingletonBeanRegistry.java:213) Creating shared instance of singleton bean 'org.springframework.web.servlet.handler.MappedInterceptor#1'
[2020-04-20 16:42:57.671][DEBUG] AbstractHandlerMethodMapping.handlerMethodsInitialized(AbstractHandlerMethodMapping.java:351) 1 mappings in 'org.springframework.web.servlet.mvc.method.annotation.RequestMappingHandlerMapping'
[2020-04-20 16:42:57.671][DEBUG] DefaultSingletonBeanRegistry.getSingleton(DefaultSingletonBeanRegistry.java:213) Creating shared instance of singleton bean 'org.springframework.web.servlet.mvc.method.annotation.RequestMappingHandlerAdapter'
[2020-04-20 16:42:57.812][DEBUG] RequestMappingHandlerAdapter.initControllerAdviceCache(RequestMappingHandlerAdapter.java:612) ControllerAdvice beans: none
[2020-04-20 16:42:57.862][DEBUG] DefaultSingletonBeanRegistry.getSingleton(DefaultSingletonBeanRegistry.java:213) Creating shared instance of singleton bean 'mvcUriComponentsContributor'
[2020-04-20 16:42:57.870][DEBUG] RequestMappingHandlerAdapter.initControllerAdviceCache(RequestMappingHandlerAdapter.java:612) ControllerAdvice beans: none
[2020-04-20 16:42:57.874][DEBUG] DefaultSingletonBeanRegistry.getSingleton(DefaultSingletonBeanRegistry.java:213) Creating shared instance of singleton bean 'org.springframework.web.servlet.mvc.method.annotation.ExceptionHandlerExceptionResolver#0'
[2020-04-20 16:42:57.892][DEBUG] ExceptionHandlerExceptionResolver.initExceptionHandlerAdviceCache(ExceptionHandlerExceptionResolver.java:294) ControllerAdvice beans: none
[2020-04-20 16:42:57.892][DEBUG] DefaultSingletonBeanRegistry.getSingleton(DefaultSingletonBeanRegistry.java:213) Creating shared instance of singleton bean 'org.springframework.web.servlet.mvc.annotation.ResponseStatusExceptionResolver#0'
[2020-04-20 16:42:57.897][DEBUG] DefaultSingletonBeanRegistry.getSingleton(DefaultSingletonBeanRegistry.java:213) Creating shared instance of singleton bean 'org.springframework.web.servlet.mvc.support.DefaultHandlerExceptionResolver#0'
[2020-04-20 16:42:57.900][DEBUG] DefaultSingletonBeanRegistry.getSingleton(DefaultSingletonBeanRegistry.java:213) Creating shared instance of singleton bean 'org.springframework.web.servlet.handler.BeanNameUrlHandlerMapping'
[2020-04-20 16:42:57.909][DEBUG] DefaultSingletonBeanRegistry.getSingleton(DefaultSingletonBeanRegistry.java:213) Creating shared instance of singleton bean 'org.springframework.web.servlet.mvc.HttpRequestHandlerAdapter'
[2020-04-20 16:42:57.909][DEBUG] DefaultSingletonBeanRegistry.getSingleton(DefaultSingletonBeanRegistry.java:213) Creating shared instance of singleton bean 'org.springframework.web.servlet.mvc.SimpleControllerHandlerAdapter'
[2020-04-20 16:42:57.910][DEBUG] DefaultSingletonBeanRegistry.getSingleton(DefaultSingletonBeanRegistry.java:213) Creating shared instance of singleton bean 'mvcResourceUrlProvider'
[2020-04-20 16:42:57.910][DEBUG] DefaultSingletonBeanRegistry.getSingleton(DefaultSingletonBeanRegistry.java:213) Creating shared instance of singleton bean 'mvcPathMatcher'
[2020-04-20 16:42:57.910][DEBUG] DefaultSingletonBeanRegistry.getSingleton(DefaultSingletonBeanRegistry.java:213) Creating shared instance of singleton bean 'mvcUrlPathHelper'
[2020-04-20 16:42:57.911][DEBUG] DefaultSingletonBeanRegistry.getSingleton(DefaultSingletonBeanRegistry.java:213) Creating shared instance of singleton bean 'org.springframework.web.servlet.resource.ResourceHttpRequestHandler#0'
[2020-04-20 16:42:57.926][DEBUG] DefaultSingletonBeanRegistry.getSingleton(DefaultSingletonBeanRegistry.java:213) Creating shared instance of singleton bean 'org.springframework.web.servlet.handler.SimpleUrlHandlerMapping#0'
[2020-04-20 16:42:57.932][DEBUG] SimpleUrlHandlerMapping.registerHandlers(SimpleUrlHandlerMapping.java:173) Patterns [/assets/**] in 'org.springframework.web.servlet.handler.SimpleUrlHandlerMapping#0'
[2020-04-20 16:42:57.933][DEBUG] DefaultSingletonBeanRegistry.getSingleton(DefaultSingletonBeanRegistry.java:213) Creating shared instance of singleton bean 'org.springframework.web.servlet.view.InternalResourceViewResolver#0'
[2020-04-20 16:42:57.950][DEBUG] DefaultSingletonBeanRegistry.getSingleton(DefaultSingletonBeanRegistry.java:213) Creating shared instance of singleton bean 'homeController'
[2020-04-20 16:42:57.963][DEBUG] PropertySourcesPropertyResolver.logKeyFound(PropertySourcesPropertyResolver.java:115) Found key 'spring.liveBeansView.mbeanDomain' in PropertySource 'servletContextInitParams' with value of type String
[2020-04-20 16:42:57.964][DEBUG] FrameworkServlet.initServletBean(FrameworkServlet.java:542) enableLoggingRequestDetails='false': request parameters and headers will be masked to prevent unsafe logging of potentially sensitive data
[2020-04-20 16:42:57.964][INFO ] FrameworkServlet.initServletBean(FrameworkServlet.java:547) Completed initialization in 983 ms
[2020-04-20 16:42:59.697][DEBUG] LogFormatUtils.traceDebug(LogFormatUtils.java:91) GET "/project/", parameters={}
[2020-04-20 16:42:59.709][DEBUG] AbstractHandlerMapping.getHandler(AbstractHandlerMapping.java:412) Mapped to study.spring.project.controllers.HomeController#home(Locale, Model)
[2020-04-20 16:42:59.741][INFO ] HomeController.home(HomeController.java:27) Welcome home! The client locale is ko_KR.
[2020-04-20 16:42:59.751][DEBUG] AbstractView.render(AbstractView.java:310) View name 'home', model {serverTime=2020년 4월 20일 (월) 오후 4시 42분 59초}
[2020-04-20 16:42:59.757][DEBUG] InternalResourceView.renderMergedOutputModel(InternalResourceView.java:169) Forwarding to [/WEB-INF/views/home.jsp]
[2020-04-20 16:43:00.193][DEBUG] FrameworkServlet.logResult(FrameworkServlet.java:1131) Completed 200 OK
